<testsuites id="" name="" tests="22" failures="2" skipped="0" errors="0" time="27.803685">
<testsuite name="e2e-login.spec.ts" timestamp="2026-08-25T19:58:08.689Z" hostname="chromium" tests="7" failures="0" skipped="0" time="49.817" errors="0">
<testcase name="Login/Logout flow › Negative scenario for login" classname="e2e-login.spec.ts" time="7.555">
<system-out>
<![CDATA[
[[ATTACHMENT|..\..\test-results\e2e-login-Login-Logout-flow-Negative-scenario-for-login-chromium\test-finished-1.png]]
]]>
</system-out>
</testcase>
<testcase name="Login/Logout flow › Login with standard_user1" classname="e2e-login.spec.ts" time="7.291">
<system-out>
<![CDATA[
[[ATTACHMENT|..\..\test-results\e2e-login-Login-Logout-flow-Login-with-standard-user1-chromium\test-finished-1.png]]
]]>
</system-out>
</testcase>
<testcase name="Login/Logout flow › Login with slow_user1" classname="e2e-login.spec.ts" time="6.556">
<system-out>
<![CDATA[
[[ATTACHMENT|..\..\test-results\e2e-login-Login-Logout-flow-Login-with-slow-user1-chromium\test-finished-1.png]]
]]>
</system-out>
</testcase>
<testcase name="Login/Logout flow › Login with locked_user1" classname="e2e-login.spec.ts" time="6.932">
<system-out>
<![CDATA[
[[ATTACHMENT|..\..\test-results\e2e-login-Login-Logout-flow-Login-with-locked-user1-chromium\test-finished-1.png]]
]]>
</system-out>
</testcase>
<testcase name="Login/Logout flow › Login with frozen_user1" classname="e2e-login.spec.ts" time="6.44">
<system-out>
<![CDATA[
[[ATTACHMENT|..\..\test-results\e2e-login-Login-Logout-flow-Login-with-frozen-user1-chromium\test-finished-1.png]]
]]>
</system-out>
</testcase>
<testcase name="Login/Logout flow › Login with overdraft_user1" classname="e2e-login.spec.ts" time="6.996">
<system-out>
<![CDATA[
[[ATTACHMENT|..\..\test-results\e2e-login-Login-Logout-flow-Login-with-overdraft-user1-chromium\test-finished-1.png]]
]]>
</system-out>
</testcase>
<testcase name="Login/Logout flow › Positive scenario for login" classname="e2e-login.spec.ts" time="8.047">
<system-out>
<![CDATA[
[[ATTACHMENT|..\..\test-results\e2e-login-Login-Logout-flow-Positive-scenario-for-login-chromium\test-finished-1.png]]
]]>
</system-out>
</testcase>
</testsuite>
<testsuite name="e2e-Transfer.spec.ts" timestamp="2026-08-25T19:58:08.689Z" hostname="chromium" tests="15" failures="2" skipped="0" time="129.753" errors="0">
<testcase name="Transfer Checking › Transfer between same account" classname="e2e-Transfer.spec.ts" time="9.886">
<system-out>
<![CDATA[*****option texts: [ [32m'Everyday Checking — $4,250.00'[39m, [32m'High-Yield Savings — $12,800.00'[39m ]
*****option texts: []

[[ATTACHMENT|..\..\test-results\e2e-Transfer-Transfer-Checking-Transfer-between-same-account-chromium\test-finished-1.png]]
]]>
</system-out>
</testcase>
<testcase name="Transfer Checking › Transfer between same account with amount exceeding total amount in the bank" classname="e2e-Transfer.spec.ts" time="15.131">
<system-out>
<![CDATA[*****option texts: [ [32m'Everyday Checking — $4,250.00'[39m, [32m'High-Yield Savings — $12,800.00'[39m ]
*****option texts: [ [32m'High-Yield Savings — $12,800.00'[39m ]

[[ATTACHMENT|..\..\test-results\e2e-Transfer-Transfer-Chec-6a185-ng-total-amount-in-the-bank-chromium\test-failed-1.png]]

[[ATTACHMENT|..\..\test-results\e2e-Transfer-Transfer-Chec-6a185-ng-total-amount-in-the-bank-chromium\error-context.md]]
]]>
</system-out>
<failure message="expect(locator).toBeVisible() failed" type="expect.toBeVisible">
<![CDATA[  [chromium] › e2e-Transfer.spec.ts:31:7 › Transfer Checking › Transfer between same account with amount exceeding total amount in the bank 

    Error: expect(locator).toBeVisible() failed

    Locator: getByTestId('transfer-error-message')
    Expected: visible
    Timeout: 5000ms
    Error: element(s) not found

    Call log:
      - Expect "toBeVisible" with timeout 5000ms
      - waiting for getByTestId('transfer-error-message')


       at ..\..\page-objects\TransferPage.ts:89

      87 |
      88 |   async errorMsg() {
    > 89 |     await expect(this.errorMessage).toBeVisible()
         |                                     ^
      90 |     // await expect(this.errorMessage).toContainText(
      91 |     //   'Insufficient funds. Available balance: $4,250.00',
      92 |     // )
        at TransferPage.errorMsg (C:\Bhavna\PlaywrightTutorial2026\MiniProjectPlaywright2026\page-objects\TransferPage.ts:89:37)
        at C:\Bhavna\PlaywrightTutorial2026\MiniProjectPlaywright2026\tests\E2E\e2e-Transfer.spec.ts:42:24

    attachment #1: screenshot (image/png) ──────────────────────────────────────────────────────────
    ..\..\test-results\e2e-Transfer-Transfer-Chec-6a185-ng-total-amount-in-the-bank-chromium\test-failed-1.png
    ────────────────────────────────────────────────────────────────────────────────────────────────

    Error Context: ..\..\test-results\e2e-Transfer-Transfer-Chec-6a185-ng-total-amount-in-the-bank-chromium\error-context.md
]]>
</failure>
</testcase>
<testcase name="Transfer Checking › Transfer between different account" classname="e2e-Transfer.spec.ts" time="11.761">
<system-out>
<![CDATA[*****option texts: [ [32m'Everyday Checking — $4,250.00'[39m ]

[[ATTACHMENT|..\..\test-results\e2e-Transfer-Transfer-Chec-93fd3-r-between-different-account-chromium\test-finished-1.png]]
]]>
</system-out>
</testcase>
<testcase name="Transfer Checking › Trnsfer money based on various 1.09" classname="e2e-Transfer.spec.ts" time="8.734">
<system-out>
<![CDATA[*****option texts: [ [32m'Everyday Checking — $4,250.00'[39m, [32m'High-Yield Savings — $12,800.00'[39m ]
*****option texts: [ [32m'High-Yield Savings — $12,800.00'[39m ]

[[ATTACHMENT|..\..\test-results\e2e-Transfer-Transfer-Chec-a17eb-money-based-on-various-1-09-chromium\test-finished-1.png]]
]]>
</system-out>
</testcase>
<testcase name="Transfer Checking › Trnsfer money based on various 10" classname="e2e-Transfer.spec.ts" time="9.522">
<system-out>
<![CDATA[*****option texts: [ [32m'Everyday Checking — $4,250.00'[39m, [32m'High-Yield Savings — $12,800.00'[39m ]
*****option texts: [ [32m'High-Yield Savings — $12,800.00'[39m ]

[[ATTACHMENT|..\..\test-results\e2e-Transfer-Transfer-Chec-47bc8-r-money-based-on-various-10-chromium\test-finished-1.png]]
]]>
</system-out>
</testcase>
<testcase name="Transfer Checking › Trnsfer money based on various 0.00" classname="e2e-Transfer.spec.ts" time="7.467">
<system-out>
<![CDATA[*****option texts: [ [32m'Everyday Checking — $4,250.00'[39m, [32m'High-Yield Savings — $12,800.00'[39m ]
*****option texts: [ [32m'High-Yield Savings — $12,800.00'[39m ]

[[ATTACHMENT|..\..\test-results\e2e-Transfer-Transfer-Chec-d5893-money-based-on-various-0-00-chromium\test-finished-1.png]]
]]>
</system-out>
</testcase>
<testcase name="Transfer Checking › Trnsfer money based on various 30" classname="e2e-Transfer.spec.ts" time="7.452">
<system-out>
<![CDATA[*****option texts: [ [32m'Everyday Checking — $4,250.00'[39m, [32m'High-Yield Savings — $12,800.00'[39m ]
*****option texts: [ [32m'High-Yield Savings — $12,800.00'[39m ]

[[ATTACHMENT|..\..\test-results\e2e-Transfer-Transfer-Chec-c932b-r-money-based-on-various-30-chromium\test-finished-1.png]]
]]>
</system-out>
</testcase>
<testcase name="Transfer Checking › Trnsfer money based on various 50000" classname="e2e-Transfer.spec.ts" time="8.724">
<system-out>
<![CDATA[*****option texts: [ [32m'Everyday Checking — $4,250.00'[39m, [32m'High-Yield Savings — $12,800.00'[39m ]
*****option texts: [ [32m'High-Yield Savings — $12,800.00'[39m ]

[[ATTACHMENT|..\..\test-results\e2e-Transfer-Transfer-Chec-514cc-oney-based-on-various-50000-chromium\test-finished-1.png]]
]]>
</system-out>
</testcase>
<testcase name="Transfer Checking › Trnsfer money based on various -090" classname="e2e-Transfer.spec.ts" time="7.535">
<system-out>
<![CDATA[*****option texts: [ [32m'Everyday Checking — $4,250.00'[39m, [32m'High-Yield Savings — $12,800.00'[39m ]
*****option texts: [ [32m'High-Yield Savings — $12,800.00'[39m ]

[[ATTACHMENT|..\..\test-results\e2e-Transfer-Transfer-Chec-9ff89-money-based-on-various--090-chromium\test-finished-1.png]]
]]>
</system-out>
</testcase>
<testcase name="Transfer Checking › Transfer money - 1.09 - success" classname="e2e-Transfer.spec.ts" time="8.143">
<system-out>
<![CDATA[*****option texts: [ [32m'Everyday Checking — $4,250.00'[39m, [32m'High-Yield Savings — $12,800.00'[39m ]
*****option texts: [ [32m'High-Yield Savings — $12,800.00'[39m ]

[[ATTACHMENT|..\..\test-results\e2e-Transfer-Transfer-Chec-a320d-sfer-money---1-09---success-chromium\test-finished-1.png]]
]]>
</system-out>
</testcase>
<testcase name="Transfer Checking › Transfer money - 10 - success" classname="e2e-Transfer.spec.ts" time="7.88">
<system-out>
<![CDATA[*****option texts: [ [32m'Everyday Checking — $4,250.00'[39m, [32m'High-Yield Savings — $12,800.00'[39m ]
*****option texts: []

[[ATTACHMENT|..\..\test-results\e2e-Transfer-Transfer-Checking-Transfer-money---10---success-chromium\test-finished-1.png]]
]]>
</system-out>
</testcase>
<testcase name="Transfer Checking › Transfer money - 0.00 - error" classname="e2e-Transfer.spec.ts" time="6.38">
<system-out>
<![CDATA[*****option texts: [ [32m'Everyday Checking — $4,250.00'[39m, [32m'High-Yield Savings — $12,800.00'[39m ]
*****option texts: [ [32m'High-Yield Savings — $12,800.00'[39m ]

[[ATTACHMENT|..\..\test-results\e2e-Transfer-Transfer-Checking-Transfer-money---0-00---error-chromium\test-finished-1.png]]
]]>
</system-out>
</testcase>
<testcase name="Transfer Checking › Transfer money - 30 - success" classname="e2e-Transfer.spec.ts" time="6.289">
<system-out>
<![CDATA[*****option texts: [ [32m'Everyday Checking — $4,250.00'[39m, [32m'High-Yield Savings — $12,800.00'[39m ]
*****option texts: []

[[ATTACHMENT|..\..\test-results\e2e-Transfer-Transfer-Checking-Transfer-money---30---success-chromium\test-finished-1.png]]
]]>
</system-out>
</testcase>
<testcase name="Transfer Checking › Transfer money - 50000 - error" classname="e2e-Transfer.spec.ts" time="10.036">
<system-out>
<![CDATA[*****option texts: []
*****option texts: []

[[ATTACHMENT|..\..\test-results\e2e-Transfer-Transfer-Chec-c0472-nsfer-money---50000---error-chromium\test-failed-1.png]]

[[ATTACHMENT|..\..\test-results\e2e-Transfer-Transfer-Chec-c0472-nsfer-money---50000---error-chromium\error-context.md]]
]]>
</system-out>
<failure message="expect(locator).toContainText(expected) failed" type="expect.toContainText">
<![CDATA[  [chromium] › e2e-Transfer.spec.ts:71:9 › Transfer Checking › Transfer money - 50000 - error ──────

    Error: expect(locator).toContainText(expected) failed

    Locator: getByTestId('transfer-error-message')
    Expected substring: "Insufficient funds. Available balance: $4,256.98."
    Timeout: 5000ms
    Error: element(s) not found

    Call log:
      - Expect "toContainText" with timeout 5000ms
      - waiting for getByTestId('transfer-error-message')


      88 |         )
      89 |       } else if (transfer.expectedResult === 'error') {
    > 90 |         await expect(transferPage.errorMessage).toContainText(
         |                                                 ^
      91 |           transfer.expectedMessage,
      92 |         )
      93 |       }
        at C:\Bhavna\PlaywrightTutorial2026\MiniProjectPlaywright2026\tests\E2E\e2e-Transfer.spec.ts:90:49

    attachment #1: screenshot (image/png) ──────────────────────────────────────────────────────────
    ..\..\test-results\e2e-Transfer-Transfer-Chec-c0472-nsfer-money---50000---error-chromium\test-failed-1.png
    ────────────────────────────────────────────────────────────────────────────────────────────────

    Error Context: ..\..\test-results\e2e-Transfer-Transfer-Chec-c0472-nsfer-money---50000---error-chromium\error-context.md
]]>
</failure>
</testcase>
<testcase name="Transfer Checking › Transfer money - -090 - error" classname="e2e-Transfer.spec.ts" time="4.813">
<system-out>
<![CDATA[*****option texts: [ [32m'Everyday Checking — $4,250.00'[39m, [32m'High-Yield Savings — $12,800.00'[39m ]
*****option texts: []

[[ATTACHMENT|..\..\test-results\e2e-Transfer-Transfer-Checking-Transfer-money----090---error-chromium\test-finished-1.png]]
]]>
</system-out>
</testcase>
</testsuite>
</testsuites>